<?xml version="1.0" encoding="UTF-8"?>
<!-- Generated by org.testng.reporters.JUnitReportReporter -->
<testsuite skipped="0" hostname="LAPTOP-91SG2SI1" name="jdbcconnection.SQLToExcel" tests="1" failures="0" timestamp="20 Aug 2017 15:16:10 GMT" time="0.985" errors="0">
  <testcase name="loadDataToExcel" time="0.985" classname="jdbcconnection.SQLToExcel"/>
</testsuite> <!-- jdbcconnection.SQLToExcel -->
