<?xml version="1.0" encoding="UTF-8"?>
<!-- Generated by org.testng.reporters.JUnitReportReporter -->
<testsuite skipped="0" hostname="LAPTOP-91SG2SI1" name="fromdbtoexcel.FromDBToExcel" tests="1" failures="0" timestamp="20 Aug 2017 14:53:10 GMT" time="0.537" errors="0">
  <testcase name="getRowsCount" time="0.537" classname="fromdbtoexcel.FromDBToExcel"/>
</testsuite> <!-- fromdbtoexcel.FromDBToExcel -->
